# JRE version: Java(TM) SE Runtime Environment (8.0_51-b16) (build 1.8.0_51-b16)
# Java VM: Java HotSpot(TM) Client VM (25.51-b03 mixed mode windows-x86 )
Heap:
 def new generation   total 12544K, used 3633K [0x0f200000, 0x0ff90000, 0x14750000)
  eden space 11200K,  20% used [0x0f200000, 0x0f43c4f0, 0x0fcf0000)
  from space 1344K, 100% used [0x0fe40000, 0x0ff90000, 0x0ff90000)
  to   space 1344K,   0% used [0x0fcf0000, 0x0fcf0000, 0x0fe40000)
 tenured generation   total 27644K, used 26515K [0x14750000, 0x1624f000, 0x1f200000)
   the space 27644K,  95% used [0x14750000, 0x16134eb8, 0x16135000, 0x1624f000)
 Metaspace       used 27352K, capacity 27585K, committed 27776K, reserved 28032K
GC Heap History (10 events):
Event: 77.959 GC heap before
{Heap before GC invocations=71 (full 3):
 def new generation   total 12544K, used 12360K [0x0f200000, 0x0ff90000, 0x14750000)
  eden space 11200K, 100% used [0x0f200000, 0x0fcf0000, 0x0fcf0000)
  from space 1344K,  86% used [0x0fcf0000, 0x0fe12180, 0x0fe40000)
  to   space 1344K,   0% used [0x0fe40000, 0x0fe40000, 0x0ff90000)
 tenured generation   total 27644K, used 21902K [0x14750000, 0x1624f000, 0x1f200000)
   the space 27644K,  79% used [0x14750000, 0x15cb3b30, 0x15cb3c00, 0x1624f000)
 Metaspace       used 23015K, capacity 23227K, committed 23296K, reserved 23936K
Event: 77.963 GC heap after
Heap after GC invocations=72 (full 3):
 def new generation   total 12544K, used 393K [0x0f200000, 0x0ff90000, 0x14750000)
  eden space 11200K,   0% used [0x0f200000, 0x0f200000, 0x0fcf0000)
  from space 1344K,  29% used [0x0fe40000, 0x0fea2578, 0x0ff90000)
  to   space 1344K,   0% used [0x0fcf0000, 0x0fcf0000, 0x0fe40000)
 tenured generation   total 27644K, used 22682K [0x14750000, 0x1624f000, 0x1f200000)
   the space 27644K,  82% used [0x14750000, 0x15d76be8, 0x15d76c00, 0x1624f000)
 Metaspace       used 23015K, capacity 23227K, committed 23296K, reserved 23936K
}
Event: 82.175 GC heap before
{Heap before GC invocations=72 (full 3):
 def new generation   total 12544K, used 11593K [0x0f200000, 0x0ff90000, 0x14750000)
  eden space 11200K, 100% used [0x0f200000, 0x0fcf0000, 0x0fcf0000)
  from space 1344K,  29% used [0x0fe40000, 0x0fea2578, 0x0ff90000)
  to   space 1344K,   0% used [0x0fcf0000, 0x0fcf0000, 0x0fe40000)
 tenured generation   total 27644K, used 22682K [0x14750000, 0x1624f000, 0x1f200000)
   the space 27644K,  82% used [0x14750000, 0x15d76be8, 0x15d76c00, 0x1624f000)
 Metaspace       used 23689K, capacity 23899K, committed 24064K, reserved 24960K
Event: 82.179 GC heap after
Heap after GC invocations=73 (full 3):
 def new generation   total 12544K, used 1344K [0x0f200000, 0x0ff90000, 0x14750000)
  eden space 11200K,   0% used [0x0f200000, 0x0f200000, 0x0fcf0000)
  from space 1344K, 100% used [0x0fcf0000, 0x0fe40000, 0x0fe40000)
  to   space 1344K,   0% used [0x0fe40000, 0x0fe40000, 0x0ff90000)
 tenured generation   total 27644K, used 22792K [0x14750000, 0x1624f000, 0x1f200000)
   the space 27644K,  82% used [0x14750000, 0x15d923c0, 0x15d92400, 0x1624f000)
 Metaspace       used 23689K, capacity 23899K, committed 24064K, reserved 24960K
}
Event: 86.518 GC heap before
{Heap before GC invocations=73 (full 3):
 def new generation   total 12544K, used 12544K [0x0f200000, 0x0ff90000, 0x14750000)
  eden space 11200K, 100% used [0x0f200000, 0x0fcf0000, 0x0fcf0000)
  from space 1344K, 100% used [0x0fcf0000, 0x0fe40000, 0x0fe40000)
  to   space 1344K,   0% used [0x0fe40000, 0x0fe40000, 0x0ff90000)
 tenured generation   total 27644K, used 22792K [0x14750000, 0x1624f000, 0x1f200000)
   the space 27644K,  82% used [0x14750000, 0x15d923c0, 0x15d92400, 0x1624f000)
 Metaspace       used 25160K, capacity 25396K, committed 25472K, reserved 25984K
Event: 86.530 GC heap after
Heap after GC invocations=74 (full 3):
 def new generation   total 12544K, used 1344K [0x0f200000, 0x0ff90000, 0x14750000)
  eden space 11200K,   0% used [0x0f200000, 0x0f200000, 0x0fcf0000)
  from space 1344K, 100% used [0x0fe40000, 0x0ff90000, 0x0ff90000)
  to   space 1344K,   0% used [0x0fcf0000, 0x0fcf0000, 0x0fe40000)
 tenured generation   total 27644K, used 24296K [0x14750000, 0x1624f000, 0x1f200000)
   the space 27644K,  87% used [0x14750000, 0x15f0a3f0, 0x15f0a400, 0x1624f000)
 Metaspace       used 25160K, capacity 25396K, committed 25472K, reserved 25984K
}
Event: 120.730 GC heap before
{Heap before GC invocations=74 (full 3):
 def new generation   total 12544K, used 12544K [0x0f200000, 0x0ff90000, 0x14750000)
  eden space 11200K, 100% used [0x0f200000, 0x0fcf0000, 0x0fcf0000)
  from space 1344K, 100% used [0x0fe40000, 0x0ff90000, 0x0ff90000)
  to   space 1344K,   0% used [0x0fcf0000, 0x0fcf0000, 0x0fe40000)
 tenured generation   total 27644K, used 24296K [0x14750000, 0x1624f000, 0x1f200000)
   the space 27644K,  87% used [0x14750000, 0x15f0a3f0, 0x15f0a400, 0x1624f000)
 Metaspace       used 26304K, capacity 26524K, committed 26624K, reserved 27008K
Event: 120.739 GC heap after
Heap after GC invocations=75 (full 3):
 def new generation   total 12544K, used 1344K [0x0f200000, 0x0ff90000, 0x14750000)
  eden space 11200K,   0% used [0x0f200000, 0x0f200000, 0x0fcf0000)
  from space 1344K, 100% used [0x0fcf0000, 0x0fe40000, 0x0fe40000)
  to   space 1344K,   0% used [0x0fe40000, 0x0fe40000, 0x0ff90000)
 tenured generation   total 27644K, used 25919K [0x14750000, 0x1624f000, 0x1f200000)
   the space 27644K,  93% used [0x14750000, 0x1609fe98, 0x160a0000, 0x1624f000)
 Metaspace       used 26304K, capacity 26524K, committed 26624K, reserved 27008K
}
Event: 196.134 GC heap before
{Heap before GC invocations=75 (full 3):
 def new generation   total 12544K, used 12544K [0x0f200000, 0x0ff90000, 0x14750000)
  eden space 11200K, 100% used [0x0f200000, 0x0fcf0000, 0x0fcf0000)
  from space 1344K, 100% used [0x0fcf0000, 0x0fe40000, 0x0fe40000)
  to   space 1344K,   0% used [0x0fe40000, 0x0fe40000, 0x0ff90000)
 tenured generation   total 27644K, used 25919K [0x14750000, 0x1624f000, 0x1f200000)
   the space 27644K,  93% used [0x14750000, 0x1609fe98, 0x160a0000, 0x1624f000)
 Metaspace       used 27320K, capacity 27553K, committed 27648K, reserved 28032K
Event: 196.141 GC heap after
Heap after GC invocations=76 (full 3):
 def new generation   total 12544K, used 1344K [0x0f200000, 0x0ff90000, 0x14750000)
  eden space 11200K,   0% used [0x0f200000, 0x0f200000, 0x0fcf0000)
  from space 1344K, 100% used [0x0fe40000, 0x0ff90000, 0x0ff90000)
  to   space 1344K,   0% used [0x0fcf0000, 0x0fcf0000, 0x0fe40000)
 tenured generation   total 27644K, used 26515K [0x14750000, 0x1624f000, 0x1f200000)
   the space 27644K,  95% used [0x14750000, 0x16134eb8, 0x16135000, 0x1624f000)
 Metaspace       used 27320K, capacity 27553K, committed 27648K, reserved 28032K
}

